execve("./empty.x", ["empty.x"], 0x7ffe74c661a0 /* 46 vars */) = 0
brk(NULL)                               = 0x22b8000
mmap(NULL, 4096, PROT_READ|PROT_WRITE, MAP_PRIVATE|MAP_ANONYMOUS, -1, 0) = 0x7f4aa7501000
access("/etc/ld.so.preload", R_OK)      = -1 ENOENT (No such file or directory)
open("/usr/local/lib/tls/x86_64/libstdc++.so.6", O_RDONLY|O_CLOEXEC) = -1 ENOENT (No such file or directory)
stat("/usr/local/lib/tls/x86_64", 0x7ffe02144df0) = -1 ENOENT (No such file or directory)
open("/usr/local/lib/tls/libstdc++.so.6", O_RDONLY|O_CLOEXEC) = -1 ENOENT (No such file or directory)
stat("/usr/local/lib/tls", 0x7ffe02144df0) = -1 ENOENT (No such file or directory)
open("/usr/local/lib/x86_64/libstdc++.so.6", O_RDONLY|O_CLOEXEC) = -1 ENOENT (No such file or directory)
stat("/usr/local/lib/x86_64", 0x7ffe02144df0) = -1 ENOENT (No such file or directory)
open("/usr/local/lib/libstdc++.so.6", O_RDONLY|O_CLOEXEC) = -1 ENOENT (No such file or directory)
stat("/usr/local/lib", {st_mode=S_IFDIR|0755, st_size=4096, ...}) = 0
open("/usr/lib/tls/x86_64/libstdc++.so.6", O_RDONLY|O_CLOEXEC) = -1 ENOENT (No such file or directory)
stat("/usr/lib/tls/x86_64", 0x7ffe02144df0) = -1 ENOENT (No such file or directory)
open("/usr/lib/tls/libstdc++.so.6", O_RDONLY|O_CLOEXEC) = -1 ENOENT (No such file or directory)
stat("/usr/lib/tls", 0x7ffe02144df0)    = -1 ENOENT (No such file or directory)
open("/usr/lib/x86_64/libstdc++.so.6", O_RDONLY|O_CLOEXEC) = -1 ENOENT (No such file or directory)
stat("/usr/lib/x86_64", 0x7ffe02144df0) = -1 ENOENT (No such file or directory)
open("/usr/lib/libstdc++.so.6", O_RDONLY|O_CLOEXEC) = 3
read(3, "\177ELF\1\1\1\3\0\0\0\0\0\0\0\0\3\0\3\0\1\0\0\0000f\4\0004\0\0\0"..., 832) = 832
close(3)                                = 0
stat("/usr/lib", {st_mode=S_IFDIR|0555, st_size=12288, ...}) = 0
open("/opt/sfw/lib/tls/x86_64/libstdc++.so.6", O_RDONLY|O_CLOEXEC) = -1 ENOENT (No such file or directory)
stat("/opt/sfw/lib/tls/x86_64", 0x7ffe02144df0) = -1 ENOENT (No such file or directory)
open("/opt/sfw/lib/tls/libstdc++.so.6", O_RDONLY|O_CLOEXEC) = -1 ENOENT (No such file or directory)
stat("/opt/sfw/lib/tls", 0x7ffe02144df0) = -1 ENOENT (No such file or directory)
open("/opt/sfw/lib/x86_64/libstdc++.so.6", O_RDONLY|O_CLOEXEC) = -1 ENOENT (No such file or directory)
stat("/opt/sfw/lib/x86_64", 0x7ffe02144df0) = -1 ENOENT (No such file or directory)
open("/opt/sfw/lib/libstdc++.so.6", O_RDONLY|O_CLOEXEC) = -1 ENOENT (No such file or directory)
stat("/opt/sfw/lib", 0x7ffe02144df0)    = -1 ENOENT (No such file or directory)
open("/usr/sfw/lib/tls/x86_64/libstdc++.so.6", O_RDONLY|O_CLOEXEC) = -1 ENOENT (No such file or directory)
stat("/usr/sfw/lib/tls/x86_64", 0x7ffe02144df0) = -1 ENOENT (No such file or directory)
open("/usr/sfw/lib/tls/libstdc++.so.6", O_RDONLY|O_CLOEXEC) = -1 ENOENT (No such file or directory)
stat("/usr/sfw/lib/tls", 0x7ffe02144df0) = -1 ENOENT (No such file or directory)
open("/usr/sfw/lib/x86_64/libstdc++.so.6", O_RDONLY|O_CLOEXEC) = -1 ENOENT (No such file or directory)
stat("/usr/sfw/lib/x86_64", 0x7ffe02144df0) = -1 ENOENT (No such file or directory)
open("/usr/sfw/lib/libstdc++.so.6", O_RDONLY|O_CLOEXEC) = -1 ENOENT (No such file or directory)
stat("/usr/sfw/lib", 0x7ffe02144df0)    = -1 ENOENT (No such file or directory)
open("/usr/ccs/lib/tls/x86_64/libstdc++.so.6", O_RDONLY|O_CLOEXEC) = -1 ENOENT (No such file or directory)
stat("/usr/ccs/lib/tls/x86_64", 0x7ffe02144df0) = -1 ENOENT (No such file or directory)
open("/usr/ccs/lib/tls/libstdc++.so.6", O_RDONLY|O_CLOEXEC) = -1 ENOENT (No such file or directory)
stat("/usr/ccs/lib/tls", 0x7ffe02144df0) = -1 ENOENT (No such file or directory)
open("/usr/ccs/lib/x86_64/libstdc++.so.6", O_RDONLY|O_CLOEXEC) = -1 ENOENT (No such file or directory)
stat("/usr/ccs/lib/x86_64", 0x7ffe02144df0) = -1 ENOENT (No such file or directory)
open("/usr/ccs/lib/libstdc++.so.6", O_RDONLY|O_CLOEXEC) = -1 ENOENT (No such file or directory)
stat("/usr/ccs/lib", 0x7ffe02144df0)    = -1 ENOENT (No such file or directory)
open("/etc/ld.so.cache", O_RDONLY|O_CLOEXEC) = 3
fstat(3, {st_mode=S_IFREG|0644, st_size=197973, ...}) = 0
mmap(NULL, 197973, PROT_READ, MAP_PRIVATE, 3, 0) = 0x7f4aa74d0000
close(3)                                = 0
open("/lib64/libstdc++.so.6", O_RDONLY|O_CLOEXEC) = 3
read(3, "\177ELF\2\1\1\3\0\0\0\0\0\0\0\0\3\0>\0\1\0\0\0\340\264\5\0\0\0\0\0"..., 832) = 832
fstat(3, {st_mode=S_IFREG|0755, st_size=995840, ...}) = 0
mmap(NULL, 3175456, PROT_READ|PROT_EXEC, MAP_PRIVATE|MAP_DENYWRITE, 3, 0) = 0x7f4aa6fd9000
mprotect(0x7f4aa70c2000, 2097152, PROT_NONE) = 0
mmap(0x7f4aa72c2000, 40960, PROT_READ|PROT_WRITE, MAP_PRIVATE|MAP_FIXED|MAP_DENYWRITE, 3, 0xe9000) = 0x7f4aa72c2000
mmap(0x7f4aa72cc000, 82976, PROT_READ|PROT_WRITE, MAP_PRIVATE|MAP_FIXED|MAP_ANONYMOUS, -1, 0) = 0x7f4aa72cc000
close(3)                                = 0
open("/usr/local/lib/libm.so.6", O_RDONLY|O_CLOEXEC) = -1 ENOENT (No such file or directory)
open("/usr/lib/libm.so.6", O_RDONLY|O_CLOEXEC) = 3
read(3, "\177ELF\1\1\1\3\0\0\0\0\0\0\0\0\3\0\3\0\1\0\0\0\220D\0\0004\0\0\0"..., 832) = 832
close(3)                                = 0
open("/lib64/libm.so.6", O_RDONLY|O_CLOEXEC) = 3
read(3, "\177ELF\2\1\1\3\0\0\0\0\0\0\0\0\3\0>\0\1\0\0\0PS\0\0\0\0\0\0"..., 832) = 832
fstat(3, {st_mode=S_IFREG|0755, st_size=1136944, ...}) = 0
mmap(NULL, 4096, PROT_READ|PROT_WRITE, MAP_PRIVATE|MAP_ANONYMOUS, -1, 0) = 0x7f4aa74cf000
mmap(NULL, 3150136, PROT_READ|PROT_EXEC, MAP_PRIVATE|MAP_DENYWRITE, 3, 0) = 0x7f4aa6cd7000
mprotect(0x7f4aa6dd8000, 2093056, PROT_NONE) = 0
mmap(0x7f4aa6fd7000, 8192, PROT_READ|PROT_WRITE, MAP_PRIVATE|MAP_FIXED|MAP_DENYWRITE, 3, 0x100000) = 0x7f4aa6fd7000
close(3)                                = 0
open("/usr/local/lib/libgcc_s.so.1", O_RDONLY|O_CLOEXEC) = -1 ENOENT (No such file or directory)
open("/usr/lib/libgcc_s.so.1", O_RDONLY|O_CLOEXEC) = 3
read(3, "\177ELF\1\1\1\0\0\0\0\0\0\0\0\0\3\0\3\0\1\0\0\0p \0\0004\0\0\0"..., 832) = 832
close(3)                                = 0
open("/lib64/libgcc_s.so.1", O_RDONLY|O_CLOEXEC) = 3
read(3, "\177ELF\2\1\1\0\0\0\0\0\0\0\0\0\3\0>\0\1\0\0\0\320*\0\0\0\0\0\0"..., 832) = 832
fstat(3, {st_mode=S_IFREG|0755, st_size=88720, ...}) = 0
mmap(NULL, 2184192, PROT_READ|PROT_EXEC, MAP_PRIVATE|MAP_DENYWRITE, 3, 0) = 0x7f4aa6ac1000
mprotect(0x7f4aa6ad6000, 2093056, PROT_NONE) = 0
mmap(0x7f4aa6cd5000, 8192, PROT_READ|PROT_WRITE, MAP_PRIVATE|MAP_FIXED|MAP_DENYWRITE, 3, 0x14000) = 0x7f4aa6cd5000
close(3)                                = 0
open("/usr/local/lib/libc.so.6", O_RDONLY|O_CLOEXEC) = -1 ENOENT (No such file or directory)
open("/usr/lib/libc.so.6", O_RDONLY|O_CLOEXEC) = 3
read(3, "\177ELF\1\1\1\3\0\0\0\0\0\0\0\0\3\0\3\0\1\0\0\0000\244\1\0004\0\0\0"..., 832) = 832
close(3)                                = 0
open("/lib64/libc.so.6", O_RDONLY|O_CLOEXEC) = 3
read(3, "\177ELF\2\1\1\3\0\0\0\0\0\0\0\0\3\0>\0\1\0\0\0`&\2\0\0\0\0\0"..., 832) = 832
fstat(3, {st_mode=S_IFREG|0755, st_size=2156272, ...}) = 0
mmap(NULL, 3985920, PROT_READ|PROT_EXEC, MAP_PRIVATE|MAP_DENYWRITE, 3, 0) = 0x7f4aa66f3000
mprotect(0x7f4aa68b7000, 2093056, PROT_NONE) = 0
mmap(0x7f4aa6ab6000, 24576, PROT_READ|PROT_WRITE, MAP_PRIVATE|MAP_FIXED|MAP_DENYWRITE, 3, 0x1c3000) = 0x7f4aa6ab6000
mmap(0x7f4aa6abc000, 16896, PROT_READ|PROT_WRITE, MAP_PRIVATE|MAP_FIXED|MAP_ANONYMOUS, -1, 0) = 0x7f4aa6abc000
close(3)                                = 0
mmap(NULL, 4096, PROT_READ|PROT_WRITE, MAP_PRIVATE|MAP_ANONYMOUS, -1, 0) = 0x7f4aa74ce000
mmap(NULL, 8192, PROT_READ|PROT_WRITE, MAP_PRIVATE|MAP_ANONYMOUS, -1, 0) = 0x7f4aa74cc000
arch_prctl(ARCH_SET_FS, 0x7f4aa74cc740) = 0
mprotect(0x7f4aa6ab6000, 16384, PROT_READ) = 0
mprotect(0x7f4aa6cd5000, 4096, PROT_READ) = 0
mprotect(0x7f4aa6fd7000, 4096, PROT_READ) = 0
mmap(NULL, 4096, PROT_READ|PROT_WRITE, MAP_PRIVATE|MAP_ANONYMOUS, -1, 0) = 0x7f4aa74cb000
mprotect(0x7f4aa72c2000, 32768, PROT_READ) = 0
mprotect(0x600000, 4096, PROT_READ)     = 0
mprotect(0x7f4aa7502000, 4096, PROT_READ) = 0
munmap(0x7f4aa74d0000, 197973)          = 0
exit_group(0)                           = ?
+++ exited with 0 +++
